[2026-05-31T09:37:13.282+0000] {local_task_job_runner.py:123} INFO - ::group::Pre task execution logs
[2026-05-31T09:37:13.288+0000] {taskinstance.py:2614} INFO - Dependencies all met for dep_context=non-requeueable deps ti=<TaskInstance: sales_etl_dag.run_sales_pipeline manual__2026-05-31T09:37:08.023541+00:00 [queued]>
[2026-05-31T09:37:13.295+0000] {taskinstance.py:2614} INFO - Dependencies all met for dep_context=requeueable deps ti=<TaskInstance: sales_etl_dag.run_sales_pipeline manual__2026-05-31T09:37:08.023541+00:00 [queued]>
[2026-05-31T09:37:13.296+0000] {taskinstance.py:2867} INFO - Starting attempt 1 of 1
[2026-05-31T09:37:13.307+0000] {taskinstance.py:2890} INFO - Executing <Task(PythonOperator): run_sales_pipeline> on 2026-05-31 09:37:08.023541+00:00
[2026-05-31T09:37:13.313+0000] {standard_task_runner.py:72} INFO - Started process 749 to run task
[2026-05-31T09:37:13.316+0000] {standard_task_runner.py:104} INFO - Running: ['airflow', 'tasks', 'run', 'sales_etl_dag', 'run_sales_pipeline', 'manual__2026-05-31T09:37:08.023541+00:00', '--job-id', '16', '--raw', '--subdir', 'DAGS_FOLDER/sales_etl_dag.py', '--cfg-path', '/tmp/tmppa_j_loj']
[2026-05-31T09:37:13.319+0000] {standard_task_runner.py:105} INFO - Job 16: Subtask run_sales_pipeline
[2026-05-31T09:37:13.418+0000] {task_command.py:467} INFO - Running <TaskInstance: sales_etl_dag.run_sales_pipeline manual__2026-05-31T09:37:08.023541+00:00 [running]> on host edca16bc3475
[2026-05-31T09:37:13.480+0000] {taskinstance.py:3134} INFO - Exporting env vars: AIRFLOW_CTX_DAG_OWNER='airflow' AIRFLOW_CTX_DAG_ID='sales_etl_dag' AIRFLOW_CTX_TASK_ID='run_sales_pipeline' AIRFLOW_CTX_EXECUTION_DATE='2026-05-31T09:37:08.023541+00:00' AIRFLOW_CTX_TRY_NUMBER='1' AIRFLOW_CTX_DAG_RUN_ID='manual__2026-05-31T09:37:08.023541+00:00'
[2026-05-31T09:37:13.481+0000] {taskinstance.py:732} INFO - ::endgroup::
[2026-05-31T09:37:14.418+0000] {logging_mixin.py:190} INFO - Pipeline executed at: 2026-05-31 09:37:14.418586
[2026-05-31T09:37:14.419+0000] {logging_mixin.py:190} INFO - Input metrics: {'prev_runtime': 601.56, 'prev_rows': 35634, 'prev_cpu': 78.14, 'prev_memory': 80.11, 'prev_retries': 4, 'runtime_avg_last_5': 380.05, 'rows_avg_last_5': 52262, 'retry_sum_last_5': 5, 'failure_count_last_5': 2, 'sla_breach_count_last_5': 3}
[2026-05-31T09:37:14.420+0000] {logging_mixin.py:190} INFO - Prediction response: {'failure_risk_score': 0.707, 'risk_level': 'HIGH', 'logged': True}
[2026-05-31T09:37:14.421+0000] {python.py:240} INFO - Done. Returned value was: None
[2026-05-31T09:37:14.425+0000] {taskinstance.py:341} INFO - ::group::Post task execution logs
[2026-05-31T09:37:14.427+0000] {taskinstance.py:353} INFO - Marking task as SUCCESS. dag_id=sales_etl_dag, task_id=run_sales_pipeline, run_id=manual__2026-05-31T09:37:08.023541+00:00, execution_date=20260531T093708, start_date=20260531T093713, end_date=20260531T093714
[2026-05-31T09:37:14.499+0000] {local_task_job_runner.py:266} INFO - Task exited with return code 0
[2026-05-31T09:37:14.507+0000] {taskinstance.py:3901} INFO - 0 downstream tasks scheduled from follow-on schedule check
[2026-05-31T09:37:14.508+0000] {local_task_job_runner.py:245} INFO - ::endgroup::
