[2026-05-31T12:33:00.829+0000] {local_task_job_runner.py:123} INFO - ::group::Pre task execution logs
[2026-05-31T12:33:00.839+0000] {taskinstance.py:2614} INFO - Dependencies all met for dep_context=non-requeueable deps ti=<TaskInstance: sales_etl_dag.run_sales_pipeline scheduled__2026-05-31T09:00:00+00:00 [queued]>
[2026-05-31T12:33:00.851+0000] {taskinstance.py:2614} INFO - Dependencies all met for dep_context=requeueable deps ti=<TaskInstance: sales_etl_dag.run_sales_pipeline scheduled__2026-05-31T09:00:00+00:00 [queued]>
[2026-05-31T12:33:00.853+0000] {taskinstance.py:2867} INFO - Starting attempt 1 of 1
[2026-05-31T12:33:00.874+0000] {taskinstance.py:2890} INFO - Executing <Task(PythonOperator): run_sales_pipeline> on 2026-05-31 09:00:00+00:00
[2026-05-31T12:33:00.892+0000] {standard_task_runner.py:72} INFO - Started process 811 to run task
[2026-05-31T12:33:00.913+0000] {standard_task_runner.py:104} INFO - Running: ['airflow', 'tasks', 'run', 'sales_etl_dag', 'run_sales_pipeline', 'scheduled__2026-05-31T09:00:00+00:00', '--job-id', '17', '--raw', '--subdir', 'DAGS_FOLDER/sales_etl_dag.py', '--cfg-path', '/tmp/tmpzwv7oy2i']
[2026-05-31T12:33:00.922+0000] {standard_task_runner.py:105} INFO - Job 17: Subtask run_sales_pipeline
[2026-05-31T12:33:01.246+0000] {task_command.py:467} INFO - Running <TaskInstance: sales_etl_dag.run_sales_pipeline scheduled__2026-05-31T09:00:00+00:00 [running]> on host edca16bc3475
[2026-05-31T12:33:01.413+0000] {taskinstance.py:3134} INFO - Exporting env vars: AIRFLOW_CTX_DAG_OWNER='airflow' AIRFLOW_CTX_DAG_ID='sales_etl_dag' AIRFLOW_CTX_TASK_ID='run_sales_pipeline' AIRFLOW_CTX_EXECUTION_DATE='2026-05-31T09:00:00+00:00' AIRFLOW_CTX_TRY_NUMBER='1' AIRFLOW_CTX_DAG_RUN_ID='scheduled__2026-05-31T09:00:00+00:00'
[2026-05-31T12:33:01.416+0000] {taskinstance.py:732} INFO - ::endgroup::
[2026-05-31T12:33:03.034+0000] {logging_mixin.py:190} INFO - Pipeline executed at: 2026-05-31 12:33:03.033955
[2026-05-31T12:33:03.035+0000] {logging_mixin.py:190} INFO - Input metrics: {'prev_runtime': 636.68, 'prev_rows': 44222, 'prev_cpu': 78.9, 'prev_memory': 90.98, 'prev_retries': 5, 'runtime_avg_last_5': 469.9, 'rows_avg_last_5': 50843, 'retry_sum_last_5': 7, 'failure_count_last_5': 4, 'sla_breach_count_last_5': 3}
[2026-05-31T12:33:03.036+0000] {logging_mixin.py:190} INFO - Prediction response: {'failure_risk_score': 0.907, 'risk_level': 'HIGH', 'logged': True}
[2026-05-31T12:33:03.036+0000] {python.py:240} INFO - Done. Returned value was: None
[2026-05-31T12:33:03.042+0000] {taskinstance.py:341} INFO - ::group::Post task execution logs
[2026-05-31T12:33:03.043+0000] {taskinstance.py:353} INFO - Marking task as SUCCESS. dag_id=sales_etl_dag, task_id=run_sales_pipeline, run_id=scheduled__2026-05-31T09:00:00+00:00, execution_date=20260531T090000, start_date=20260531T123300, end_date=20260531T123303
[2026-05-31T12:33:03.104+0000] {local_task_job_runner.py:266} INFO - Task exited with return code 0
[2026-05-31T12:33:03.119+0000] {taskinstance.py:3901} INFO - 0 downstream tasks scheduled from follow-on schedule check
[2026-05-31T12:33:03.122+0000] {local_task_job_runner.py:245} INFO - ::endgroup::
