[2026-05-31T12:33:06.494+0000] {local_task_job_runner.py:123} INFO - ::group::Pre task execution logs
[2026-05-31T12:33:06.501+0000] {taskinstance.py:2614} INFO - Dependencies all met for dep_context=non-requeueable deps ti=<TaskInstance: sales_etl_dag.run_sales_pipeline scheduled__2026-05-31T11:00:00+00:00 [queued]>
[2026-05-31T12:33:06.506+0000] {taskinstance.py:2614} INFO - Dependencies all met for dep_context=requeueable deps ti=<TaskInstance: sales_etl_dag.run_sales_pipeline scheduled__2026-05-31T11:00:00+00:00 [queued]>
[2026-05-31T12:33:06.508+0000] {taskinstance.py:2867} INFO - Starting attempt 1 of 1
[2026-05-31T12:33:06.524+0000] {taskinstance.py:2890} INFO - Executing <Task(PythonOperator): run_sales_pipeline> on 2026-05-31 11:00:00+00:00
[2026-05-31T12:33:06.531+0000] {standard_task_runner.py:72} INFO - Started process 831 to run task
[2026-05-31T12:33:06.537+0000] {standard_task_runner.py:104} INFO - Running: ['airflow', 'tasks', 'run', 'sales_etl_dag', 'run_sales_pipeline', 'scheduled__2026-05-31T11:00:00+00:00', '--job-id', '18', '--raw', '--subdir', 'DAGS_FOLDER/sales_etl_dag.py', '--cfg-path', '/tmp/tmpz2275igf']
[2026-05-31T12:33:06.539+0000] {standard_task_runner.py:105} INFO - Job 18: Subtask run_sales_pipeline
[2026-05-31T12:33:06.601+0000] {task_command.py:467} INFO - Running <TaskInstance: sales_etl_dag.run_sales_pipeline scheduled__2026-05-31T11:00:00+00:00 [running]> on host edca16bc3475
[2026-05-31T12:33:06.664+0000] {taskinstance.py:3134} INFO - Exporting env vars: AIRFLOW_CTX_DAG_OWNER='airflow' AIRFLOW_CTX_DAG_ID='sales_etl_dag' AIRFLOW_CTX_TASK_ID='run_sales_pipeline' AIRFLOW_CTX_EXECUTION_DATE='2026-05-31T11:00:00+00:00' AIRFLOW_CTX_TRY_NUMBER='1' AIRFLOW_CTX_DAG_RUN_ID='scheduled__2026-05-31T11:00:00+00:00'
[2026-05-31T12:33:06.665+0000] {taskinstance.py:732} INFO - ::endgroup::
[2026-05-31T12:33:06.707+0000] {logging_mixin.py:190} INFO - Pipeline executed at: 2026-05-31 12:33:06.707756
[2026-05-31T12:33:06.708+0000] {logging_mixin.py:190} INFO - Input metrics: {'prev_runtime': 564.41, 'prev_rows': 36276, 'prev_cpu': 93.22, 'prev_memory': 89.6, 'prev_retries': 5, 'runtime_avg_last_5': 379.37, 'rows_avg_last_5': 35698, 'retry_sum_last_5': 8, 'failure_count_last_5': 3, 'sla_breach_count_last_5': 2}
[2026-05-31T12:33:06.710+0000] {logging_mixin.py:190} INFO - Prediction response: {'failure_risk_score': 0.613, 'risk_level': 'MEDIUM', 'logged': True}
[2026-05-31T12:33:06.711+0000] {python.py:240} INFO - Done. Returned value was: None
[2026-05-31T12:33:06.715+0000] {taskinstance.py:341} INFO - ::group::Post task execution logs
[2026-05-31T12:33:06.716+0000] {taskinstance.py:353} INFO - Marking task as SUCCESS. dag_id=sales_etl_dag, task_id=run_sales_pipeline, run_id=scheduled__2026-05-31T11:00:00+00:00, execution_date=20260531T110000, start_date=20260531T123306, end_date=20260531T123306
[2026-05-31T12:33:06.752+0000] {local_task_job_runner.py:266} INFO - Task exited with return code 0
[2026-05-31T12:33:06.763+0000] {taskinstance.py:3901} INFO - 0 downstream tasks scheduled from follow-on schedule check
[2026-05-31T12:33:06.764+0000] {local_task_job_runner.py:245} INFO - ::endgroup::
