[2026-05-31T13:00:05.855+0000] {local_task_job_runner.py:123} INFO - ::group::Pre task execution logs
[2026-05-31T13:00:05.864+0000] {taskinstance.py:2614} INFO - Dependencies all met for dep_context=non-requeueable deps ti=<TaskInstance: sales_etl_dag.run_sales_pipeline scheduled__2026-05-31T12:00:00+00:00 [queued]>
[2026-05-31T13:00:05.871+0000] {taskinstance.py:2614} INFO - Dependencies all met for dep_context=requeueable deps ti=<TaskInstance: sales_etl_dag.run_sales_pipeline scheduled__2026-05-31T12:00:00+00:00 [queued]>
[2026-05-31T13:00:05.872+0000] {taskinstance.py:2867} INFO - Starting attempt 1 of 1
[2026-05-31T13:00:05.887+0000] {taskinstance.py:2890} INFO - Executing <Task(PythonOperator): run_sales_pipeline> on 2026-05-31 12:00:00+00:00
[2026-05-31T13:00:05.895+0000] {standard_task_runner.py:72} INFO - Started process 173 to run task
[2026-05-31T13:00:05.901+0000] {standard_task_runner.py:104} INFO - Running: ['airflow', 'tasks', 'run', 'sales_etl_dag', 'run_sales_pipeline', 'scheduled__2026-05-31T12:00:00+00:00', '--job-id', '23', '--raw', '--subdir', 'DAGS_FOLDER/sales_etl_dag.py', '--cfg-path', '/tmp/tmpez74ni6m']
[2026-05-31T13:00:05.903+0000] {standard_task_runner.py:105} INFO - Job 23: Subtask run_sales_pipeline
[2026-05-31T13:00:06.017+0000] {task_command.py:467} INFO - Running <TaskInstance: sales_etl_dag.run_sales_pipeline scheduled__2026-05-31T12:00:00+00:00 [running]> on host 16eea9bca0d3
[2026-05-31T13:00:06.113+0000] {taskinstance.py:3134} INFO - Exporting env vars: AIRFLOW_CTX_DAG_OWNER='airflow' AIRFLOW_CTX_DAG_ID='sales_etl_dag' AIRFLOW_CTX_TASK_ID='run_sales_pipeline' AIRFLOW_CTX_EXECUTION_DATE='2026-05-31T12:00:00+00:00' AIRFLOW_CTX_TRY_NUMBER='1' AIRFLOW_CTX_DAG_RUN_ID='scheduled__2026-05-31T12:00:00+00:00'
[2026-05-31T13:00:06.115+0000] {taskinstance.py:732} INFO - ::endgroup::
[2026-05-31T13:00:06.974+0000] {logging_mixin.py:190} INFO - Pipeline executed at: 2026-05-31 13:00:06.974634
[2026-05-31T13:00:06.976+0000] {logging_mixin.py:190} INFO - Input metrics: {'prev_runtime': 420.61, 'prev_rows': 37390, 'prev_cpu': 80.48, 'prev_memory': 85.77, 'prev_retries': 3, 'runtime_avg_last_5': 548.64, 'rows_avg_last_5': 51930, 'retry_sum_last_5': 12, 'failure_count_last_5': 4, 'sla_breach_count_last_5': 1}
[2026-05-31T13:00:06.977+0000] {logging_mixin.py:190} INFO - Prediction response: {'failure_risk_score': 0.793, 'risk_level': 'HIGH', 'logged': True}
[2026-05-31T13:00:06.979+0000] {python.py:240} INFO - Done. Returned value was: None
[2026-05-31T13:00:06.984+0000] {taskinstance.py:341} INFO - ::group::Post task execution logs
[2026-05-31T13:00:06.985+0000] {taskinstance.py:353} INFO - Marking task as SUCCESS. dag_id=sales_etl_dag, task_id=run_sales_pipeline, run_id=scheduled__2026-05-31T12:00:00+00:00, execution_date=20260531T120000, start_date=20260531T130005, end_date=20260531T130006
[2026-05-31T13:00:07.041+0000] {local_task_job_runner.py:266} INFO - Task exited with return code 0
[2026-05-31T13:00:07.052+0000] {taskinstance.py:3901} INFO - 0 downstream tasks scheduled from follow-on schedule check
[2026-05-31T13:00:07.054+0000] {local_task_job_runner.py:245} INFO - ::endgroup::
