[2026-05-31T13:14:12.129+0000] {local_task_job_runner.py:123} INFO - ::group::Pre task execution logs
[2026-05-31T13:14:12.137+0000] {taskinstance.py:2614} INFO - Dependencies all met for dep_context=non-requeueable deps ti=<TaskInstance: sales_etl_dag.run_sales_pipeline manual__2026-05-31T13:14:08.689984+00:00 [queued]>
[2026-05-31T13:14:12.143+0000] {taskinstance.py:2614} INFO - Dependencies all met for dep_context=requeueable deps ti=<TaskInstance: sales_etl_dag.run_sales_pipeline manual__2026-05-31T13:14:08.689984+00:00 [queued]>
[2026-05-31T13:14:12.144+0000] {taskinstance.py:2867} INFO - Starting attempt 1 of 1
[2026-05-31T13:14:12.157+0000] {taskinstance.py:2890} INFO - Executing <Task(PythonOperator): run_sales_pipeline> on 2026-05-31 13:14:08.689984+00:00
[2026-05-31T13:14:12.164+0000] {standard_task_runner.py:72} INFO - Started process 171 to run task
[2026-05-31T13:14:12.167+0000] {standard_task_runner.py:104} INFO - Running: ['airflow', 'tasks', 'run', 'sales_etl_dag', 'run_sales_pipeline', 'manual__2026-05-31T13:14:08.689984+00:00', '--job-id', '29', '--raw', '--subdir', 'DAGS_FOLDER/sales_etl_dag.py', '--cfg-path', '/tmp/tmp4tyclr3x']
[2026-05-31T13:14:12.170+0000] {standard_task_runner.py:105} INFO - Job 29: Subtask run_sales_pipeline
[2026-05-31T13:14:12.243+0000] {task_command.py:467} INFO - Running <TaskInstance: sales_etl_dag.run_sales_pipeline manual__2026-05-31T13:14:08.689984+00:00 [running]> on host 16eea9bca0d3
[2026-05-31T13:14:12.305+0000] {taskinstance.py:3134} INFO - Exporting env vars: AIRFLOW_CTX_DAG_OWNER='airflow' AIRFLOW_CTX_DAG_ID='sales_etl_dag' AIRFLOW_CTX_TASK_ID='run_sales_pipeline' AIRFLOW_CTX_EXECUTION_DATE='2026-05-31T13:14:08.689984+00:00' AIRFLOW_CTX_TRY_NUMBER='1' AIRFLOW_CTX_DAG_RUN_ID='manual__2026-05-31T13:14:08.689984+00:00'
[2026-05-31T13:14:12.307+0000] {taskinstance.py:732} INFO - ::endgroup::
[2026-05-31T13:14:14.443+0000] {logging_mixin.py:190} INFO - Pipeline executed at: 2026-05-31 13:14:14.443571
[2026-05-31T13:14:14.444+0000] {logging_mixin.py:190} INFO - Input metrics: {'prev_runtime': 481.58, 'prev_rows': 46111, 'prev_cpu': 86.88, 'prev_memory': 81.23, 'prev_retries': 4, 'runtime_avg_last_5': 426.06, 'rows_avg_last_5': 45889, 'retry_sum_last_5': 10, 'failure_count_last_5': 1, 'sla_breach_count_last_5': 1}
[2026-05-31T13:14:14.444+0000] {logging_mixin.py:190} INFO - Prediction response: {'failure_risk_score': 0.793, 'risk_level': 'HIGH', 'logged': True}
[2026-05-31T13:14:14.445+0000] {logging_mixin.py:190} INFO - Pipeline run stored: {'message': 'Pipeline run stored', 'pipeline_name': 'sales_etl', 'status': 'WARNING', 'risk_level': 'HIGH'}
[2026-05-31T13:14:14.446+0000] {python.py:240} INFO - Done. Returned value was: None
[2026-05-31T13:14:14.450+0000] {taskinstance.py:341} INFO - ::group::Post task execution logs
[2026-05-31T13:14:14.451+0000] {taskinstance.py:353} INFO - Marking task as SUCCESS. dag_id=sales_etl_dag, task_id=run_sales_pipeline, run_id=manual__2026-05-31T13:14:08.689984+00:00, execution_date=20260531T131408, start_date=20260531T131412, end_date=20260531T131414
[2026-05-31T13:14:14.474+0000] {local_task_job_runner.py:266} INFO - Task exited with return code 0
[2026-05-31T13:14:14.489+0000] {taskinstance.py:3901} INFO - 0 downstream tasks scheduled from follow-on schedule check
[2026-05-31T13:14:14.490+0000] {local_task_job_runner.py:245} INFO - ::endgroup::
