[2026-05-30T15:22:46.985+0000] {processor.py:186} INFO - Started process (PID=100) to work on /opt/airflow/dags/sales_etl_dag.py
[2026-05-30T15:22:46.987+0000] {processor.py:914} INFO - Processing file /opt/airflow/dags/sales_etl_dag.py for tasks to queue
[2026-05-30T15:22:46.990+0000] {logging_mixin.py:190} INFO - [2026-05-30T15:22:46.990+0000] {dagbag.py:588} INFO - Filling up the DagBag from /opt/airflow/dags/sales_etl_dag.py
[2026-05-30T15:22:47.058+0000] {processor.py:925} INFO - DAG(s) 'sales_etl_dag' retrieved from /opt/airflow/dags/sales_etl_dag.py
[2026-05-30T15:22:47.235+0000] {logging_mixin.py:190} INFO - [2026-05-30T15:22:47.233+0000] {override.py:1912} INFO - Created Permission View: can delete on DAG:sales_etl_dag
[2026-05-30T15:22:47.254+0000] {logging_mixin.py:190} INFO - [2026-05-30T15:22:47.253+0000] {override.py:1912} INFO - Created Permission View: can read on DAG:sales_etl_dag
[2026-05-30T15:22:47.266+0000] {logging_mixin.py:190} INFO - [2026-05-30T15:22:47.266+0000] {override.py:1912} INFO - Created Permission View: can edit on DAG:sales_etl_dag
[2026-05-30T15:22:47.286+0000] {logging_mixin.py:190} INFO - [2026-05-30T15:22:47.285+0000] {override.py:1912} INFO - Created Permission View: can delete on DAG Run:sales_etl_dag
[2026-05-30T15:22:47.295+0000] {logging_mixin.py:190} INFO - [2026-05-30T15:22:47.295+0000] {override.py:1912} INFO - Created Permission View: menu access on DAG Run:sales_etl_dag
[2026-05-30T15:22:47.308+0000] {logging_mixin.py:190} INFO - [2026-05-30T15:22:47.308+0000] {override.py:1912} INFO - Created Permission View: can create on DAG Run:sales_etl_dag
[2026-05-30T15:22:47.320+0000] {logging_mixin.py:190} INFO - [2026-05-30T15:22:47.320+0000] {override.py:1912} INFO - Created Permission View: can read on DAG Run:sales_etl_dag
[2026-05-30T15:22:47.321+0000] {logging_mixin.py:190} INFO - [2026-05-30T15:22:47.321+0000] {dag.py:3239} INFO - Sync 1 DAGs
[2026-05-30T15:22:47.338+0000] {logging_mixin.py:190} INFO - [2026-05-30T15:22:47.338+0000] {dag.py:3262} INFO - Creating ORM DAG for sales_etl_dag
[2026-05-30T15:22:47.352+0000] {logging_mixin.py:190} INFO - [2026-05-30T15:22:47.352+0000] {dag.py:4180} INFO - Setting next_dagrun for sales_etl_dag to 2026-05-30 14:00:00+00:00, run_after=2026-05-30 15:00:00+00:00
[2026-05-30T15:22:47.387+0000] {processor.py:208} INFO - Processing /opt/airflow/dags/sales_etl_dag.py took 0.412 seconds
[2026-05-30T15:23:18.170+0000] {processor.py:186} INFO - Started process (PID=129) to work on /opt/airflow/dags/sales_etl_dag.py
[2026-05-30T15:23:18.172+0000] {processor.py:914} INFO - Processing file /opt/airflow/dags/sales_etl_dag.py for tasks to queue
[2026-05-30T15:23:18.175+0000] {logging_mixin.py:190} INFO - [2026-05-30T15:23:18.175+0000] {dagbag.py:588} INFO - Filling up the DagBag from /opt/airflow/dags/sales_etl_dag.py
[2026-05-30T15:23:18.212+0000] {processor.py:925} INFO - DAG(s) 'sales_etl_dag' retrieved from /opt/airflow/dags/sales_etl_dag.py
[2026-05-30T15:23:18.241+0000] {logging_mixin.py:190} INFO - [2026-05-30T15:23:18.241+0000] {dag.py:3239} INFO - Sync 1 DAGs
[2026-05-30T15:23:18.273+0000] {logging_mixin.py:190} INFO - [2026-05-30T15:23:18.272+0000] {dag.py:4180} INFO - Setting next_dagrun for sales_etl_dag to 2026-05-30 14:00:00+00:00, run_after=2026-05-30 15:00:00+00:00
[2026-05-30T15:23:18.308+0000] {processor.py:208} INFO - Processing /opt/airflow/dags/sales_etl_dag.py took 0.146 seconds
[2026-05-30T15:23:48.544+0000] {processor.py:186} INFO - Started process (PID=130) to work on /opt/airflow/dags/sales_etl_dag.py
[2026-05-30T15:23:48.547+0000] {processor.py:914} INFO - Processing file /opt/airflow/dags/sales_etl_dag.py for tasks to queue
[2026-05-30T15:23:48.551+0000] {logging_mixin.py:190} INFO - [2026-05-30T15:23:48.550+0000] {dagbag.py:588} INFO - Filling up the DagBag from /opt/airflow/dags/sales_etl_dag.py
[2026-05-30T15:23:48.598+0000] {processor.py:925} INFO - DAG(s) 'sales_etl_dag' retrieved from /opt/airflow/dags/sales_etl_dag.py
[2026-05-30T15:23:48.631+0000] {logging_mixin.py:190} INFO - [2026-05-30T15:23:48.630+0000] {dag.py:3239} INFO - Sync 1 DAGs
[2026-05-30T15:23:48.663+0000] {logging_mixin.py:190} INFO - [2026-05-30T15:23:48.663+0000] {dag.py:4180} INFO - Setting next_dagrun for sales_etl_dag to 2026-05-30 14:00:00+00:00, run_after=2026-05-30 15:00:00+00:00
[2026-05-30T15:23:48.714+0000] {processor.py:208} INFO - Processing /opt/airflow/dags/sales_etl_dag.py took 0.178 seconds
[2026-05-30T15:24:18.919+0000] {processor.py:186} INFO - Started process (PID=131) to work on /opt/airflow/dags/sales_etl_dag.py
[2026-05-30T15:24:18.921+0000] {processor.py:914} INFO - Processing file /opt/airflow/dags/sales_etl_dag.py for tasks to queue
[2026-05-30T15:24:18.925+0000] {logging_mixin.py:190} INFO - [2026-05-30T15:24:18.924+0000] {dagbag.py:588} INFO - Filling up the DagBag from /opt/airflow/dags/sales_etl_dag.py
[2026-05-30T15:24:18.964+0000] {processor.py:925} INFO - DAG(s) 'sales_etl_dag' retrieved from /opt/airflow/dags/sales_etl_dag.py
[2026-05-30T15:24:18.991+0000] {logging_mixin.py:190} INFO - [2026-05-30T15:24:18.991+0000] {dag.py:3239} INFO - Sync 1 DAGs
[2026-05-30T15:24:19.016+0000] {logging_mixin.py:190} INFO - [2026-05-30T15:24:19.016+0000] {dag.py:4180} INFO - Setting next_dagrun for sales_etl_dag to 2026-05-30 14:00:00+00:00, run_after=2026-05-30 15:00:00+00:00
[2026-05-30T15:24:19.047+0000] {processor.py:208} INFO - Processing /opt/airflow/dags/sales_etl_dag.py took 0.135 seconds
[2026-05-30T15:24:49.314+0000] {processor.py:186} INFO - Started process (PID=132) to work on /opt/airflow/dags/sales_etl_dag.py
[2026-05-30T15:24:49.318+0000] {processor.py:914} INFO - Processing file /opt/airflow/dags/sales_etl_dag.py for tasks to queue
[2026-05-30T15:24:49.324+0000] {logging_mixin.py:190} INFO - [2026-05-30T15:24:49.323+0000] {dagbag.py:588} INFO - Filling up the DagBag from /opt/airflow/dags/sales_etl_dag.py
[2026-05-30T15:24:49.395+0000] {processor.py:925} INFO - DAG(s) 'sales_etl_dag' retrieved from /opt/airflow/dags/sales_etl_dag.py
[2026-05-30T15:24:49.461+0000] {logging_mixin.py:190} INFO - [2026-05-30T15:24:49.460+0000] {dag.py:3239} INFO - Sync 1 DAGs
[2026-05-30T15:24:49.506+0000] {logging_mixin.py:190} INFO - [2026-05-30T15:24:49.506+0000] {dag.py:4180} INFO - Setting next_dagrun for sales_etl_dag to 2026-05-30 14:00:00+00:00, run_after=2026-05-30 15:00:00+00:00
[2026-05-30T15:24:49.547+0000] {processor.py:208} INFO - Processing /opt/airflow/dags/sales_etl_dag.py took 0.247 seconds
[2026-05-30T15:25:19.659+0000] {processor.py:186} INFO - Started process (PID=133) to work on /opt/airflow/dags/sales_etl_dag.py
[2026-05-30T15:25:19.662+0000] {processor.py:914} INFO - Processing file /opt/airflow/dags/sales_etl_dag.py for tasks to queue
[2026-05-30T15:25:19.666+0000] {logging_mixin.py:190} INFO - [2026-05-30T15:25:19.666+0000] {dagbag.py:588} INFO - Filling up the DagBag from /opt/airflow/dags/sales_etl_dag.py
[2026-05-30T15:25:19.703+0000] {processor.py:925} INFO - DAG(s) 'sales_etl_dag' retrieved from /opt/airflow/dags/sales_etl_dag.py
[2026-05-30T15:25:19.735+0000] {logging_mixin.py:190} INFO - [2026-05-30T15:25:19.735+0000] {dag.py:3239} INFO - Sync 1 DAGs
[2026-05-30T15:25:19.761+0000] {logging_mixin.py:190} INFO - [2026-05-30T15:25:19.761+0000] {dag.py:4180} INFO - Setting next_dagrun for sales_etl_dag to 2026-05-30 14:00:00+00:00, run_after=2026-05-30 15:00:00+00:00
[2026-05-30T15:25:19.791+0000] {processor.py:208} INFO - Processing /opt/airflow/dags/sales_etl_dag.py took 0.140 seconds
[2026-05-30T15:25:50.431+0000] {processor.py:186} INFO - Started process (PID=153) to work on /opt/airflow/dags/sales_etl_dag.py
[2026-05-30T15:25:50.433+0000] {processor.py:914} INFO - Processing file /opt/airflow/dags/sales_etl_dag.py for tasks to queue
[2026-05-30T15:25:50.438+0000] {logging_mixin.py:190} INFO - [2026-05-30T15:25:50.438+0000] {dagbag.py:588} INFO - Filling up the DagBag from /opt/airflow/dags/sales_etl_dag.py
[2026-05-30T15:25:50.478+0000] {processor.py:925} INFO - DAG(s) 'sales_etl_dag' retrieved from /opt/airflow/dags/sales_etl_dag.py
[2026-05-30T15:25:50.527+0000] {logging_mixin.py:190} INFO - [2026-05-30T15:25:50.526+0000] {dag.py:3239} INFO - Sync 1 DAGs
[2026-05-30T15:25:50.568+0000] {logging_mixin.py:190} INFO - [2026-05-30T15:25:50.568+0000] {dag.py:4180} INFO - Setting next_dagrun for sales_etl_dag to 2026-05-30 15:00:00+00:00, run_after=2026-05-30 16:00:00+00:00
[2026-05-30T15:25:50.606+0000] {processor.py:208} INFO - Processing /opt/airflow/dags/sales_etl_dag.py took 0.183 seconds
[2026-05-30T15:26:21.542+0000] {processor.py:186} INFO - Started process (PID=192) to work on /opt/airflow/dags/sales_etl_dag.py
[2026-05-30T15:26:21.543+0000] {processor.py:914} INFO - Processing file /opt/airflow/dags/sales_etl_dag.py for tasks to queue
[2026-05-30T15:26:21.548+0000] {logging_mixin.py:190} INFO - [2026-05-30T15:26:21.548+0000] {dagbag.py:588} INFO - Filling up the DagBag from /opt/airflow/dags/sales_etl_dag.py
[2026-05-30T15:26:21.583+0000] {processor.py:925} INFO - DAG(s) 'sales_etl_dag' retrieved from /opt/airflow/dags/sales_etl_dag.py
[2026-05-30T15:26:21.621+0000] {logging_mixin.py:190} INFO - [2026-05-30T15:26:21.621+0000] {dag.py:3239} INFO - Sync 1 DAGs
[2026-05-30T15:26:21.654+0000] {logging_mixin.py:190} INFO - [2026-05-30T15:26:21.654+0000] {dag.py:4180} INFO - Setting next_dagrun for sales_etl_dag to 2026-05-30 15:00:00+00:00, run_after=2026-05-30 16:00:00+00:00
[2026-05-30T15:26:21.685+0000] {processor.py:208} INFO - Processing /opt/airflow/dags/sales_etl_dag.py took 0.158 seconds
[2026-05-30T15:26:52.240+0000] {processor.py:186} INFO - Started process (PID=193) to work on /opt/airflow/dags/sales_etl_dag.py
[2026-05-30T15:26:52.242+0000] {processor.py:914} INFO - Processing file /opt/airflow/dags/sales_etl_dag.py for tasks to queue
[2026-05-30T15:26:52.245+0000] {logging_mixin.py:190} INFO - [2026-05-30T15:26:52.245+0000] {dagbag.py:588} INFO - Filling up the DagBag from /opt/airflow/dags/sales_etl_dag.py
[2026-05-30T15:26:52.277+0000] {processor.py:925} INFO - DAG(s) 'sales_etl_dag' retrieved from /opt/airflow/dags/sales_etl_dag.py
[2026-05-30T15:26:52.310+0000] {logging_mixin.py:190} INFO - [2026-05-30T15:26:52.310+0000] {dag.py:3239} INFO - Sync 1 DAGs
[2026-05-30T15:26:52.345+0000] {logging_mixin.py:190} INFO - [2026-05-30T15:26:52.345+0000] {dag.py:4180} INFO - Setting next_dagrun for sales_etl_dag to 2026-05-30 15:00:00+00:00, run_after=2026-05-30 16:00:00+00:00
[2026-05-30T15:26:52.389+0000] {processor.py:208} INFO - Processing /opt/airflow/dags/sales_etl_dag.py took 0.154 seconds
[2026-05-30T15:27:22.539+0000] {processor.py:186} INFO - Started process (PID=194) to work on /opt/airflow/dags/sales_etl_dag.py
[2026-05-30T15:27:22.540+0000] {processor.py:914} INFO - Processing file /opt/airflow/dags/sales_etl_dag.py for tasks to queue
[2026-05-30T15:27:22.543+0000] {logging_mixin.py:190} INFO - [2026-05-30T15:27:22.543+0000] {dagbag.py:588} INFO - Filling up the DagBag from /opt/airflow/dags/sales_etl_dag.py
[2026-05-30T15:27:22.574+0000] {processor.py:925} INFO - DAG(s) 'sales_etl_dag' retrieved from /opt/airflow/dags/sales_etl_dag.py
[2026-05-30T15:27:22.594+0000] {logging_mixin.py:190} INFO - [2026-05-30T15:27:22.594+0000] {dag.py:3239} INFO - Sync 1 DAGs
[2026-05-30T15:27:22.614+0000] {logging_mixin.py:190} INFO - [2026-05-30T15:27:22.613+0000] {dag.py:4180} INFO - Setting next_dagrun for sales_etl_dag to 2026-05-30 15:00:00+00:00, run_after=2026-05-30 16:00:00+00:00
[2026-05-30T15:27:22.638+0000] {processor.py:208} INFO - Processing /opt/airflow/dags/sales_etl_dag.py took 0.104 seconds
[2026-05-30T15:27:52.843+0000] {processor.py:186} INFO - Started process (PID=195) to work on /opt/airflow/dags/sales_etl_dag.py
[2026-05-30T15:27:52.844+0000] {processor.py:914} INFO - Processing file /opt/airflow/dags/sales_etl_dag.py for tasks to queue
[2026-05-30T15:27:52.848+0000] {logging_mixin.py:190} INFO - [2026-05-30T15:27:52.847+0000] {dagbag.py:588} INFO - Filling up the DagBag from /opt/airflow/dags/sales_etl_dag.py
[2026-05-30T15:27:52.893+0000] {processor.py:925} INFO - DAG(s) 'sales_etl_dag' retrieved from /opt/airflow/dags/sales_etl_dag.py
[2026-05-30T15:27:52.915+0000] {logging_mixin.py:190} INFO - [2026-05-30T15:27:52.914+0000] {dag.py:3239} INFO - Sync 1 DAGs
[2026-05-30T15:27:52.937+0000] {logging_mixin.py:190} INFO - [2026-05-30T15:27:52.937+0000] {dag.py:4180} INFO - Setting next_dagrun for sales_etl_dag to 2026-05-30 15:00:00+00:00, run_after=2026-05-30 16:00:00+00:00
[2026-05-30T15:27:52.964+0000] {processor.py:208} INFO - Processing /opt/airflow/dags/sales_etl_dag.py took 0.132 seconds
[2026-05-30T15:28:23.118+0000] {processor.py:186} INFO - Started process (PID=196) to work on /opt/airflow/dags/sales_etl_dag.py
[2026-05-30T15:28:23.125+0000] {processor.py:914} INFO - Processing file /opt/airflow/dags/sales_etl_dag.py for tasks to queue
[2026-05-30T15:28:23.132+0000] {logging_mixin.py:190} INFO - [2026-05-30T15:28:23.131+0000] {dagbag.py:588} INFO - Filling up the DagBag from /opt/airflow/dags/sales_etl_dag.py
[2026-05-30T15:28:23.152+0000] {processor.py:925} INFO - DAG(s) 'sales_etl_dag' retrieved from /opt/airflow/dags/sales_etl_dag.py
[2026-05-30T15:28:23.175+0000] {logging_mixin.py:190} INFO - [2026-05-30T15:28:23.174+0000] {dag.py:3239} INFO - Sync 1 DAGs
[2026-05-30T15:28:23.193+0000] {logging_mixin.py:190} INFO - [2026-05-30T15:28:23.193+0000] {dag.py:4180} INFO - Setting next_dagrun for sales_etl_dag to 2026-05-30 15:00:00+00:00, run_after=2026-05-30 16:00:00+00:00
[2026-05-30T15:28:23.217+0000] {processor.py:208} INFO - Processing /opt/airflow/dags/sales_etl_dag.py took 0.107 seconds
[2026-05-30T15:28:53.434+0000] {processor.py:186} INFO - Started process (PID=197) to work on /opt/airflow/dags/sales_etl_dag.py
[2026-05-30T15:28:53.435+0000] {processor.py:914} INFO - Processing file /opt/airflow/dags/sales_etl_dag.py for tasks to queue
[2026-05-30T15:28:53.438+0000] {logging_mixin.py:190} INFO - [2026-05-30T15:28:53.437+0000] {dagbag.py:588} INFO - Filling up the DagBag from /opt/airflow/dags/sales_etl_dag.py
[2026-05-30T15:28:53.467+0000] {processor.py:925} INFO - DAG(s) 'sales_etl_dag' retrieved from /opt/airflow/dags/sales_etl_dag.py
[2026-05-30T15:28:53.487+0000] {logging_mixin.py:190} INFO - [2026-05-30T15:28:53.487+0000] {dag.py:3239} INFO - Sync 1 DAGs
[2026-05-30T15:28:53.509+0000] {logging_mixin.py:190} INFO - [2026-05-30T15:28:53.508+0000] {dag.py:4180} INFO - Setting next_dagrun for sales_etl_dag to 2026-05-30 15:00:00+00:00, run_after=2026-05-30 16:00:00+00:00
[2026-05-30T15:28:53.532+0000] {processor.py:208} INFO - Processing /opt/airflow/dags/sales_etl_dag.py took 0.106 seconds
[2026-05-30T15:29:23.731+0000] {processor.py:186} INFO - Started process (PID=198) to work on /opt/airflow/dags/sales_etl_dag.py
[2026-05-30T15:29:23.733+0000] {processor.py:914} INFO - Processing file /opt/airflow/dags/sales_etl_dag.py for tasks to queue
[2026-05-30T15:29:23.740+0000] {logging_mixin.py:190} INFO - [2026-05-30T15:29:23.740+0000] {dagbag.py:588} INFO - Filling up the DagBag from /opt/airflow/dags/sales_etl_dag.py
[2026-05-30T15:29:23.761+0000] {processor.py:925} INFO - DAG(s) 'sales_etl_dag' retrieved from /opt/airflow/dags/sales_etl_dag.py
[2026-05-30T15:29:23.785+0000] {logging_mixin.py:190} INFO - [2026-05-30T15:29:23.784+0000] {dag.py:3239} INFO - Sync 1 DAGs
[2026-05-30T15:29:23.805+0000] {logging_mixin.py:190} INFO - [2026-05-30T15:29:23.805+0000] {dag.py:4180} INFO - Setting next_dagrun for sales_etl_dag to 2026-05-30 15:00:00+00:00, run_after=2026-05-30 16:00:00+00:00
[2026-05-30T15:29:23.829+0000] {processor.py:208} INFO - Processing /opt/airflow/dags/sales_etl_dag.py took 0.106 seconds
[2026-05-30T15:29:54.049+0000] {processor.py:186} INFO - Started process (PID=199) to work on /opt/airflow/dags/sales_etl_dag.py
[2026-05-30T15:29:54.052+0000] {processor.py:914} INFO - Processing file /opt/airflow/dags/sales_etl_dag.py for tasks to queue
[2026-05-30T15:29:54.056+0000] {logging_mixin.py:190} INFO - [2026-05-30T15:29:54.055+0000] {dagbag.py:588} INFO - Filling up the DagBag from /opt/airflow/dags/sales_etl_dag.py
[2026-05-30T15:29:54.092+0000] {processor.py:925} INFO - DAG(s) 'sales_etl_dag' retrieved from /opt/airflow/dags/sales_etl_dag.py
[2026-05-30T15:29:54.113+0000] {logging_mixin.py:190} INFO - [2026-05-30T15:29:54.113+0000] {dag.py:3239} INFO - Sync 1 DAGs
[2026-05-30T15:29:54.133+0000] {logging_mixin.py:190} INFO - [2026-05-30T15:29:54.133+0000] {dag.py:4180} INFO - Setting next_dagrun for sales_etl_dag to 2026-05-30 15:00:00+00:00, run_after=2026-05-30 16:00:00+00:00
[2026-05-30T15:29:54.163+0000] {processor.py:208} INFO - Processing /opt/airflow/dags/sales_etl_dag.py took 0.121 seconds
[2026-05-30T15:30:24.298+0000] {processor.py:186} INFO - Started process (PID=200) to work on /opt/airflow/dags/sales_etl_dag.py
[2026-05-30T15:30:24.299+0000] {processor.py:914} INFO - Processing file /opt/airflow/dags/sales_etl_dag.py for tasks to queue
[2026-05-30T15:30:24.303+0000] {logging_mixin.py:190} INFO - [2026-05-30T15:30:24.302+0000] {dagbag.py:588} INFO - Filling up the DagBag from /opt/airflow/dags/sales_etl_dag.py
[2026-05-30T15:30:24.320+0000] {processor.py:925} INFO - DAG(s) 'sales_etl_dag' retrieved from /opt/airflow/dags/sales_etl_dag.py
[2026-05-30T15:30:24.341+0000] {logging_mixin.py:190} INFO - [2026-05-30T15:30:24.341+0000] {dag.py:3239} INFO - Sync 1 DAGs
[2026-05-30T15:30:24.361+0000] {logging_mixin.py:190} INFO - [2026-05-30T15:30:24.360+0000] {dag.py:4180} INFO - Setting next_dagrun for sales_etl_dag to 2026-05-30 15:00:00+00:00, run_after=2026-05-30 16:00:00+00:00
[2026-05-30T15:30:24.384+0000] {processor.py:208} INFO - Processing /opt/airflow/dags/sales_etl_dag.py took 0.092 seconds
[2026-05-30T15:30:54.603+0000] {processor.py:186} INFO - Started process (PID=201) to work on /opt/airflow/dags/sales_etl_dag.py
[2026-05-30T15:30:54.605+0000] {processor.py:914} INFO - Processing file /opt/airflow/dags/sales_etl_dag.py for tasks to queue
[2026-05-30T15:30:54.607+0000] {logging_mixin.py:190} INFO - [2026-05-30T15:30:54.607+0000] {dagbag.py:588} INFO - Filling up the DagBag from /opt/airflow/dags/sales_etl_dag.py
[2026-05-30T15:30:54.635+0000] {processor.py:925} INFO - DAG(s) 'sales_etl_dag' retrieved from /opt/airflow/dags/sales_etl_dag.py
[2026-05-30T15:30:54.657+0000] {logging_mixin.py:190} INFO - [2026-05-30T15:30:54.656+0000] {dag.py:3239} INFO - Sync 1 DAGs
[2026-05-30T15:30:54.676+0000] {logging_mixin.py:190} INFO - [2026-05-30T15:30:54.675+0000] {dag.py:4180} INFO - Setting next_dagrun for sales_etl_dag to 2026-05-30 15:00:00+00:00, run_after=2026-05-30 16:00:00+00:00
[2026-05-30T15:30:54.698+0000] {processor.py:208} INFO - Processing /opt/airflow/dags/sales_etl_dag.py took 0.103 seconds
[2026-05-30T15:31:24.885+0000] {processor.py:186} INFO - Started process (PID=202) to work on /opt/airflow/dags/sales_etl_dag.py
[2026-05-30T15:31:24.887+0000] {processor.py:914} INFO - Processing file /opt/airflow/dags/sales_etl_dag.py for tasks to queue
[2026-05-30T15:31:24.890+0000] {logging_mixin.py:190} INFO - [2026-05-30T15:31:24.889+0000] {dagbag.py:588} INFO - Filling up the DagBag from /opt/airflow/dags/sales_etl_dag.py
[2026-05-30T15:31:24.924+0000] {processor.py:925} INFO - DAG(s) 'sales_etl_dag' retrieved from /opt/airflow/dags/sales_etl_dag.py
[2026-05-30T15:31:24.947+0000] {logging_mixin.py:190} INFO - [2026-05-30T15:31:24.947+0000] {dag.py:3239} INFO - Sync 1 DAGs
[2026-05-30T15:31:24.967+0000] {logging_mixin.py:190} INFO - [2026-05-30T15:31:24.967+0000] {dag.py:4180} INFO - Setting next_dagrun for sales_etl_dag to 2026-05-30 15:00:00+00:00, run_after=2026-05-30 16:00:00+00:00
[2026-05-30T15:31:24.992+0000] {processor.py:208} INFO - Processing /opt/airflow/dags/sales_etl_dag.py took 0.113 seconds
[2026-05-30T15:31:55.155+0000] {processor.py:186} INFO - Started process (PID=203) to work on /opt/airflow/dags/sales_etl_dag.py
[2026-05-30T15:31:55.156+0000] {processor.py:914} INFO - Processing file /opt/airflow/dags/sales_etl_dag.py for tasks to queue
[2026-05-30T15:31:55.159+0000] {logging_mixin.py:190} INFO - [2026-05-30T15:31:55.159+0000] {dagbag.py:588} INFO - Filling up the DagBag from /opt/airflow/dags/sales_etl_dag.py
[2026-05-30T15:31:55.194+0000] {processor.py:925} INFO - DAG(s) 'sales_etl_dag' retrieved from /opt/airflow/dags/sales_etl_dag.py
[2026-05-30T15:31:55.218+0000] {logging_mixin.py:190} INFO - [2026-05-30T15:31:55.218+0000] {dag.py:3239} INFO - Sync 1 DAGs
[2026-05-30T15:31:55.242+0000] {logging_mixin.py:190} INFO - [2026-05-30T15:31:55.241+0000] {dag.py:4180} INFO - Setting next_dagrun for sales_etl_dag to 2026-05-30 15:00:00+00:00, run_after=2026-05-30 16:00:00+00:00
[2026-05-30T15:31:55.270+0000] {processor.py:208} INFO - Processing /opt/airflow/dags/sales_etl_dag.py took 0.124 seconds
[2026-05-30T15:32:25.454+0000] {processor.py:186} INFO - Started process (PID=204) to work on /opt/airflow/dags/sales_etl_dag.py
[2026-05-30T15:32:25.456+0000] {processor.py:914} INFO - Processing file /opt/airflow/dags/sales_etl_dag.py for tasks to queue
[2026-05-30T15:32:25.459+0000] {logging_mixin.py:190} INFO - [2026-05-30T15:32:25.459+0000] {dagbag.py:588} INFO - Filling up the DagBag from /opt/airflow/dags/sales_etl_dag.py
[2026-05-30T15:32:25.489+0000] {processor.py:925} INFO - DAG(s) 'sales_etl_dag' retrieved from /opt/airflow/dags/sales_etl_dag.py
[2026-05-30T15:32:25.511+0000] {logging_mixin.py:190} INFO - [2026-05-30T15:32:25.511+0000] {dag.py:3239} INFO - Sync 1 DAGs
[2026-05-30T15:32:25.530+0000] {logging_mixin.py:190} INFO - [2026-05-30T15:32:25.530+0000] {dag.py:4180} INFO - Setting next_dagrun for sales_etl_dag to 2026-05-30 15:00:00+00:00, run_after=2026-05-30 16:00:00+00:00
[2026-05-30T15:32:25.555+0000] {processor.py:208} INFO - Processing /opt/airflow/dags/sales_etl_dag.py took 0.107 seconds
[2026-05-30T15:32:55.738+0000] {processor.py:186} INFO - Started process (PID=205) to work on /opt/airflow/dags/sales_etl_dag.py
[2026-05-30T15:32:55.739+0000] {processor.py:914} INFO - Processing file /opt/airflow/dags/sales_etl_dag.py for tasks to queue
[2026-05-30T15:32:55.743+0000] {logging_mixin.py:190} INFO - [2026-05-30T15:32:55.743+0000] {dagbag.py:588} INFO - Filling up the DagBag from /opt/airflow/dags/sales_etl_dag.py
[2026-05-30T15:32:55.764+0000] {processor.py:925} INFO - DAG(s) 'sales_etl_dag' retrieved from /opt/airflow/dags/sales_etl_dag.py
[2026-05-30T15:32:55.783+0000] {logging_mixin.py:190} INFO - [2026-05-30T15:32:55.783+0000] {dag.py:3239} INFO - Sync 1 DAGs
[2026-05-30T15:32:55.801+0000] {logging_mixin.py:190} INFO - [2026-05-30T15:32:55.801+0000] {dag.py:4180} INFO - Setting next_dagrun for sales_etl_dag to 2026-05-30 15:00:00+00:00, run_after=2026-05-30 16:00:00+00:00
[2026-05-30T15:32:55.824+0000] {processor.py:208} INFO - Processing /opt/airflow/dags/sales_etl_dag.py took 0.093 seconds
[2026-05-30T15:33:26.155+0000] {processor.py:186} INFO - Started process (PID=206) to work on /opt/airflow/dags/sales_etl_dag.py
[2026-05-30T15:33:26.163+0000] {processor.py:914} INFO - Processing file /opt/airflow/dags/sales_etl_dag.py for tasks to queue
[2026-05-30T15:33:26.202+0000] {logging_mixin.py:190} INFO - [2026-05-30T15:33:26.196+0000] {dagbag.py:588} INFO - Filling up the DagBag from /opt/airflow/dags/sales_etl_dag.py
[2026-05-30T15:33:26.313+0000] {processor.py:925} INFO - DAG(s) 'sales_etl_dag' retrieved from /opt/airflow/dags/sales_etl_dag.py
[2026-05-30T15:33:26.394+0000] {logging_mixin.py:190} INFO - [2026-05-30T15:33:26.394+0000] {dag.py:3239} INFO - Sync 1 DAGs
[2026-05-30T15:33:26.444+0000] {logging_mixin.py:190} INFO - [2026-05-30T15:33:26.444+0000] {dag.py:4180} INFO - Setting next_dagrun for sales_etl_dag to 2026-05-30 15:00:00+00:00, run_after=2026-05-30 16:00:00+00:00
[2026-05-30T15:33:26.522+0000] {processor.py:208} INFO - Processing /opt/airflow/dags/sales_etl_dag.py took 0.421 seconds
[2026-05-30T15:33:56.737+0000] {processor.py:186} INFO - Started process (PID=207) to work on /opt/airflow/dags/sales_etl_dag.py
[2026-05-30T15:33:56.745+0000] {processor.py:914} INFO - Processing file /opt/airflow/dags/sales_etl_dag.py for tasks to queue
[2026-05-30T15:33:56.767+0000] {logging_mixin.py:190} INFO - [2026-05-30T15:33:56.762+0000] {dagbag.py:588} INFO - Filling up the DagBag from /opt/airflow/dags/sales_etl_dag.py
[2026-05-30T15:33:56.808+0000] {processor.py:925} INFO - DAG(s) 'sales_etl_dag' retrieved from /opt/airflow/dags/sales_etl_dag.py
[2026-05-30T15:33:56.864+0000] {logging_mixin.py:190} INFO - [2026-05-30T15:33:56.864+0000] {dag.py:3239} INFO - Sync 1 DAGs
[2026-05-30T15:33:56.906+0000] {logging_mixin.py:190} INFO - [2026-05-30T15:33:56.906+0000] {dag.py:4180} INFO - Setting next_dagrun for sales_etl_dag to 2026-05-30 15:00:00+00:00, run_after=2026-05-30 16:00:00+00:00
[2026-05-30T15:33:56.937+0000] {processor.py:208} INFO - Processing /opt/airflow/dags/sales_etl_dag.py took 0.238 seconds
[2026-05-30T15:34:27.076+0000] {processor.py:186} INFO - Started process (PID=208) to work on /opt/airflow/dags/sales_etl_dag.py
[2026-05-30T15:34:27.077+0000] {processor.py:914} INFO - Processing file /opt/airflow/dags/sales_etl_dag.py for tasks to queue
[2026-05-30T15:34:27.080+0000] {logging_mixin.py:190} INFO - [2026-05-30T15:34:27.080+0000] {dagbag.py:588} INFO - Filling up the DagBag from /opt/airflow/dags/sales_etl_dag.py
[2026-05-30T15:34:27.099+0000] {processor.py:925} INFO - DAG(s) 'sales_etl_dag' retrieved from /opt/airflow/dags/sales_etl_dag.py
[2026-05-30T15:34:27.118+0000] {logging_mixin.py:190} INFO - [2026-05-30T15:34:27.118+0000] {dag.py:3239} INFO - Sync 1 DAGs
[2026-05-30T15:34:27.137+0000] {logging_mixin.py:190} INFO - [2026-05-30T15:34:27.137+0000] {dag.py:4180} INFO - Setting next_dagrun for sales_etl_dag to 2026-05-30 15:00:00+00:00, run_after=2026-05-30 16:00:00+00:00
[2026-05-30T15:34:27.157+0000] {processor.py:208} INFO - Processing /opt/airflow/dags/sales_etl_dag.py took 0.088 seconds
[2026-05-30T15:34:57.270+0000] {processor.py:186} INFO - Started process (PID=209) to work on /opt/airflow/dags/sales_etl_dag.py
[2026-05-30T15:34:57.272+0000] {processor.py:914} INFO - Processing file /opt/airflow/dags/sales_etl_dag.py for tasks to queue
[2026-05-30T15:34:57.275+0000] {logging_mixin.py:190} INFO - [2026-05-30T15:34:57.275+0000] {dagbag.py:588} INFO - Filling up the DagBag from /opt/airflow/dags/sales_etl_dag.py
[2026-05-30T15:34:57.294+0000] {processor.py:925} INFO - DAG(s) 'sales_etl_dag' retrieved from /opt/airflow/dags/sales_etl_dag.py
[2026-05-30T15:34:57.316+0000] {logging_mixin.py:190} INFO - [2026-05-30T15:34:57.316+0000] {dag.py:3239} INFO - Sync 1 DAGs
[2026-05-30T15:34:57.336+0000] {logging_mixin.py:190} INFO - [2026-05-30T15:34:57.336+0000] {dag.py:4180} INFO - Setting next_dagrun for sales_etl_dag to 2026-05-30 15:00:00+00:00, run_after=2026-05-30 16:00:00+00:00
[2026-05-30T15:34:57.362+0000] {processor.py:208} INFO - Processing /opt/airflow/dags/sales_etl_dag.py took 0.098 seconds
[2026-05-30T15:35:27.585+0000] {processor.py:186} INFO - Started process (PID=210) to work on /opt/airflow/dags/sales_etl_dag.py
[2026-05-30T15:35:27.587+0000] {processor.py:914} INFO - Processing file /opt/airflow/dags/sales_etl_dag.py for tasks to queue
[2026-05-30T15:35:27.589+0000] {logging_mixin.py:190} INFO - [2026-05-30T15:35:27.589+0000] {dagbag.py:588} INFO - Filling up the DagBag from /opt/airflow/dags/sales_etl_dag.py
[2026-05-30T15:35:27.634+0000] {processor.py:925} INFO - DAG(s) 'sales_etl_dag' retrieved from /opt/airflow/dags/sales_etl_dag.py
[2026-05-30T15:35:27.657+0000] {logging_mixin.py:190} INFO - [2026-05-30T15:35:27.657+0000] {dag.py:3239} INFO - Sync 1 DAGs
[2026-05-30T15:35:27.678+0000] {logging_mixin.py:190} INFO - [2026-05-30T15:35:27.678+0000] {dag.py:4180} INFO - Setting next_dagrun for sales_etl_dag to 2026-05-30 15:00:00+00:00, run_after=2026-05-30 16:00:00+00:00
[2026-05-30T15:35:27.707+0000] {processor.py:208} INFO - Processing /opt/airflow/dags/sales_etl_dag.py took 0.130 seconds
[2026-05-30T15:35:57.881+0000] {processor.py:186} INFO - Started process (PID=211) to work on /opt/airflow/dags/sales_etl_dag.py
[2026-05-30T15:35:57.882+0000] {processor.py:914} INFO - Processing file /opt/airflow/dags/sales_etl_dag.py for tasks to queue
[2026-05-30T15:35:57.884+0000] {logging_mixin.py:190} INFO - [2026-05-30T15:35:57.884+0000] {dagbag.py:588} INFO - Filling up the DagBag from /opt/airflow/dags/sales_etl_dag.py
[2026-05-30T15:35:57.901+0000] {processor.py:925} INFO - DAG(s) 'sales_etl_dag' retrieved from /opt/airflow/dags/sales_etl_dag.py
[2026-05-30T15:35:57.918+0000] {logging_mixin.py:190} INFO - [2026-05-30T15:35:57.918+0000] {dag.py:3239} INFO - Sync 1 DAGs
[2026-05-30T15:35:57.939+0000] {logging_mixin.py:190} INFO - [2026-05-30T15:35:57.938+0000] {dag.py:4180} INFO - Setting next_dagrun for sales_etl_dag to 2026-05-30 15:00:00+00:00, run_after=2026-05-30 16:00:00+00:00
[2026-05-30T15:35:57.964+0000] {processor.py:208} INFO - Processing /opt/airflow/dags/sales_etl_dag.py took 0.088 seconds
[2026-05-30T15:36:28.177+0000] {processor.py:186} INFO - Started process (PID=212) to work on /opt/airflow/dags/sales_etl_dag.py
[2026-05-30T15:36:28.178+0000] {processor.py:914} INFO - Processing file /opt/airflow/dags/sales_etl_dag.py for tasks to queue
[2026-05-30T15:36:28.180+0000] {logging_mixin.py:190} INFO - [2026-05-30T15:36:28.180+0000] {dagbag.py:588} INFO - Filling up the DagBag from /opt/airflow/dags/sales_etl_dag.py
[2026-05-30T15:36:28.199+0000] {processor.py:925} INFO - DAG(s) 'sales_etl_dag' retrieved from /opt/airflow/dags/sales_etl_dag.py
[2026-05-30T15:36:28.215+0000] {logging_mixin.py:190} INFO - [2026-05-30T15:36:28.215+0000] {dag.py:3239} INFO - Sync 1 DAGs
[2026-05-30T15:36:28.231+0000] {logging_mixin.py:190} INFO - [2026-05-30T15:36:28.231+0000] {dag.py:4180} INFO - Setting next_dagrun for sales_etl_dag to 2026-05-30 15:00:00+00:00, run_after=2026-05-30 16:00:00+00:00
[2026-05-30T15:36:28.254+0000] {processor.py:208} INFO - Processing /opt/airflow/dags/sales_etl_dag.py took 0.084 seconds
[2026-05-30T15:36:58.383+0000] {processor.py:186} INFO - Started process (PID=213) to work on /opt/airflow/dags/sales_etl_dag.py
[2026-05-30T15:36:58.384+0000] {processor.py:914} INFO - Processing file /opt/airflow/dags/sales_etl_dag.py for tasks to queue
[2026-05-30T15:36:58.387+0000] {logging_mixin.py:190} INFO - [2026-05-30T15:36:58.387+0000] {dagbag.py:588} INFO - Filling up the DagBag from /opt/airflow/dags/sales_etl_dag.py
[2026-05-30T15:36:58.404+0000] {processor.py:925} INFO - DAG(s) 'sales_etl_dag' retrieved from /opt/airflow/dags/sales_etl_dag.py
[2026-05-30T15:36:58.421+0000] {logging_mixin.py:190} INFO - [2026-05-30T15:36:58.421+0000] {dag.py:3239} INFO - Sync 1 DAGs
[2026-05-30T15:36:58.440+0000] {logging_mixin.py:190} INFO - [2026-05-30T15:36:58.440+0000] {dag.py:4180} INFO - Setting next_dagrun for sales_etl_dag to 2026-05-30 15:00:00+00:00, run_after=2026-05-30 16:00:00+00:00
[2026-05-30T15:36:58.472+0000] {processor.py:208} INFO - Processing /opt/airflow/dags/sales_etl_dag.py took 0.094 seconds
[2026-05-30T15:37:28.663+0000] {processor.py:186} INFO - Started process (PID=214) to work on /opt/airflow/dags/sales_etl_dag.py
[2026-05-30T15:37:28.665+0000] {processor.py:914} INFO - Processing file /opt/airflow/dags/sales_etl_dag.py for tasks to queue
[2026-05-30T15:37:28.667+0000] {logging_mixin.py:190} INFO - [2026-05-30T15:37:28.667+0000] {dagbag.py:588} INFO - Filling up the DagBag from /opt/airflow/dags/sales_etl_dag.py
[2026-05-30T15:37:28.681+0000] {processor.py:925} INFO - DAG(s) 'sales_etl_dag' retrieved from /opt/airflow/dags/sales_etl_dag.py
[2026-05-30T15:37:28.697+0000] {logging_mixin.py:190} INFO - [2026-05-30T15:37:28.697+0000] {dag.py:3239} INFO - Sync 1 DAGs
[2026-05-30T15:37:28.723+0000] {logging_mixin.py:190} INFO - [2026-05-30T15:37:28.723+0000] {dag.py:4180} INFO - Setting next_dagrun for sales_etl_dag to 2026-05-30 15:00:00+00:00, run_after=2026-05-30 16:00:00+00:00
[2026-05-30T15:37:28.747+0000] {processor.py:208} INFO - Processing /opt/airflow/dags/sales_etl_dag.py took 0.089 seconds
[2026-05-30T15:37:58.872+0000] {processor.py:186} INFO - Started process (PID=215) to work on /opt/airflow/dags/sales_etl_dag.py
[2026-05-30T15:37:58.873+0000] {processor.py:914} INFO - Processing file /opt/airflow/dags/sales_etl_dag.py for tasks to queue
[2026-05-30T15:37:58.876+0000] {logging_mixin.py:190} INFO - [2026-05-30T15:37:58.875+0000] {dagbag.py:588} INFO - Filling up the DagBag from /opt/airflow/dags/sales_etl_dag.py
[2026-05-30T15:37:58.895+0000] {processor.py:925} INFO - DAG(s) 'sales_etl_dag' retrieved from /opt/airflow/dags/sales_etl_dag.py
[2026-05-30T15:37:58.915+0000] {logging_mixin.py:190} INFO - [2026-05-30T15:37:58.915+0000] {dag.py:3239} INFO - Sync 1 DAGs
[2026-05-30T15:37:58.935+0000] {logging_mixin.py:190} INFO - [2026-05-30T15:37:58.934+0000] {dag.py:4180} INFO - Setting next_dagrun for sales_etl_dag to 2026-05-30 15:00:00+00:00, run_after=2026-05-30 16:00:00+00:00
[2026-05-30T15:37:58.956+0000] {processor.py:208} INFO - Processing /opt/airflow/dags/sales_etl_dag.py took 0.090 seconds
[2026-05-30T15:38:29.170+0000] {processor.py:186} INFO - Started process (PID=216) to work on /opt/airflow/dags/sales_etl_dag.py
[2026-05-30T15:38:29.171+0000] {processor.py:914} INFO - Processing file /opt/airflow/dags/sales_etl_dag.py for tasks to queue
[2026-05-30T15:38:29.173+0000] {logging_mixin.py:190} INFO - [2026-05-30T15:38:29.173+0000] {dagbag.py:588} INFO - Filling up the DagBag from /opt/airflow/dags/sales_etl_dag.py
[2026-05-30T15:38:29.196+0000] {processor.py:925} INFO - DAG(s) 'sales_etl_dag' retrieved from /opt/airflow/dags/sales_etl_dag.py
[2026-05-30T15:38:29.212+0000] {logging_mixin.py:190} INFO - [2026-05-30T15:38:29.212+0000] {dag.py:3239} INFO - Sync 1 DAGs
[2026-05-30T15:38:29.229+0000] {logging_mixin.py:190} INFO - [2026-05-30T15:38:29.229+0000] {dag.py:4180} INFO - Setting next_dagrun for sales_etl_dag to 2026-05-30 15:00:00+00:00, run_after=2026-05-30 16:00:00+00:00
[2026-05-30T15:38:29.250+0000] {processor.py:208} INFO - Processing /opt/airflow/dags/sales_etl_dag.py took 0.085 seconds
[2026-05-30T15:38:59.478+0000] {processor.py:186} INFO - Started process (PID=217) to work on /opt/airflow/dags/sales_etl_dag.py
[2026-05-30T15:38:59.479+0000] {processor.py:914} INFO - Processing file /opt/airflow/dags/sales_etl_dag.py for tasks to queue
[2026-05-30T15:38:59.483+0000] {logging_mixin.py:190} INFO - [2026-05-30T15:38:59.483+0000] {dagbag.py:588} INFO - Filling up the DagBag from /opt/airflow/dags/sales_etl_dag.py
[2026-05-30T15:38:59.522+0000] {processor.py:925} INFO - DAG(s) 'sales_etl_dag' retrieved from /opt/airflow/dags/sales_etl_dag.py
[2026-05-30T15:38:59.541+0000] {logging_mixin.py:190} INFO - [2026-05-30T15:38:59.541+0000] {dag.py:3239} INFO - Sync 1 DAGs
[2026-05-30T15:38:59.560+0000] {logging_mixin.py:190} INFO - [2026-05-30T15:38:59.560+0000] {dag.py:4180} INFO - Setting next_dagrun for sales_etl_dag to 2026-05-30 15:00:00+00:00, run_after=2026-05-30 16:00:00+00:00
[2026-05-30T15:38:59.579+0000] {processor.py:208} INFO - Processing /opt/airflow/dags/sales_etl_dag.py took 0.107 seconds
[2026-05-30T15:39:29.785+0000] {processor.py:186} INFO - Started process (PID=218) to work on /opt/airflow/dags/sales_etl_dag.py
[2026-05-30T15:39:29.786+0000] {processor.py:914} INFO - Processing file /opt/airflow/dags/sales_etl_dag.py for tasks to queue
[2026-05-30T15:39:29.788+0000] {logging_mixin.py:190} INFO - [2026-05-30T15:39:29.788+0000] {dagbag.py:588} INFO - Filling up the DagBag from /opt/airflow/dags/sales_etl_dag.py
[2026-05-30T15:39:29.809+0000] {processor.py:925} INFO - DAG(s) 'sales_etl_dag' retrieved from /opt/airflow/dags/sales_etl_dag.py
[2026-05-30T15:39:29.830+0000] {logging_mixin.py:190} INFO - [2026-05-30T15:39:29.830+0000] {dag.py:3239} INFO - Sync 1 DAGs
[2026-05-30T15:39:29.849+0000] {logging_mixin.py:190} INFO - [2026-05-30T15:39:29.849+0000] {dag.py:4180} INFO - Setting next_dagrun for sales_etl_dag to 2026-05-30 15:00:00+00:00, run_after=2026-05-30 16:00:00+00:00
[2026-05-30T15:39:29.873+0000] {processor.py:208} INFO - Processing /opt/airflow/dags/sales_etl_dag.py took 0.094 seconds
[2026-05-30T18:34:25.226+0000] {processor.py:186} INFO - Started process (PID=219) to work on /opt/airflow/dags/sales_etl_dag.py
[2026-05-30T18:34:25.233+0000] {processor.py:914} INFO - Processing file /opt/airflow/dags/sales_etl_dag.py for tasks to queue
[2026-05-30T18:34:25.251+0000] {logging_mixin.py:190} INFO - [2026-05-30T18:34:25.248+0000] {dagbag.py:588} INFO - Filling up the DagBag from /opt/airflow/dags/sales_etl_dag.py
[2026-05-30T18:34:25.349+0000] {processor.py:925} INFO - DAG(s) 'sales_etl_dag' retrieved from /opt/airflow/dags/sales_etl_dag.py
[2026-05-30T18:34:25.496+0000] {logging_mixin.py:190} INFO - [2026-05-30T18:34:25.495+0000] {dag.py:3239} INFO - Sync 1 DAGs
[2026-05-30T18:34:25.603+0000] {logging_mixin.py:190} INFO - [2026-05-30T18:34:25.602+0000] {dag.py:4180} INFO - Setting next_dagrun for sales_etl_dag to 2026-05-30 17:00:00+00:00, run_after=2026-05-30 18:00:00+00:00
[2026-05-30T18:34:25.680+0000] {processor.py:208} INFO - Processing /opt/airflow/dags/sales_etl_dag.py took 0.478 seconds
[2026-05-30T23:23:58.166+0000] {processor.py:186} INFO - Started process (PID=239) to work on /opt/airflow/dags/sales_etl_dag.py
[2026-05-30T23:23:58.169+0000] {processor.py:914} INFO - Processing file /opt/airflow/dags/sales_etl_dag.py for tasks to queue
[2026-05-30T23:23:58.174+0000] {logging_mixin.py:190} INFO - [2026-05-30T23:23:58.173+0000] {dagbag.py:588} INFO - Filling up the DagBag from /opt/airflow/dags/sales_etl_dag.py
[2026-05-30T23:23:58.213+0000] {processor.py:925} INFO - DAG(s) 'sales_etl_dag' retrieved from /opt/airflow/dags/sales_etl_dag.py
[2026-05-30T23:23:58.245+0000] {logging_mixin.py:190} INFO - [2026-05-30T23:23:58.245+0000] {dag.py:3239} INFO - Sync 1 DAGs
[2026-05-30T23:23:58.278+0000] {logging_mixin.py:190} INFO - [2026-05-30T23:23:58.278+0000] {dag.py:4180} INFO - Setting next_dagrun for sales_etl_dag to 2026-05-30 22:00:00+00:00, run_after=2026-05-30 23:00:00+00:00
[2026-05-30T23:23:58.313+0000] {processor.py:208} INFO - Processing /opt/airflow/dags/sales_etl_dag.py took 0.156 seconds
